<?xml version="1.0" encoding="UTF-8"?>
<robot generator="Robot 3.1.2 (Python 3.7.3 on win32)" generated="20190713 23:11:04.247" rpa="false">
<suite id="s1" name="TestCases" source="C:\Users\chirag\PycharmProjects\RobotFramework\TestCases">
<kw name="Before each Test Suite" type="setup">
<kw name="Log" library="BuiltIn">
<doc>Logs the given message with the given level.</doc>
<arguments>
<arg>Test Suite Started</arg>
</arguments>
<msg timestamp="20190713 23:11:04.341" level="INFO">Test Suite Started</msg>
<status status="PASS" starttime="20190713 23:11:04.341" endtime="20190713 23:11:04.341"></status>
</kw>
<status status="PASS" starttime="20190713 23:11:04.341" endtime="20190713 23:11:04.341"></status>
</kw>
<suite id="s1-s1" name="TC 006 FetchData" source="C:\Users\chirag\PycharmProjects\RobotFramework\TestCases\TC_006_FetchData.robot">
<test id="s1-s1-t1" name="Robot Fetch Data">
<kw name="Open Browser">
<arguments>
<arg>${URL}</arg>
<arg>${Browser}</arg>
</arguments>
<msg timestamp="20190713 23:11:04.357" level="FAIL">No keyword with name 'Open Browser' found.</msg>
<status status="FAIL" starttime="20190713 23:11:04.357" endtime="20190713 23:11:04.357"></status>
</kw>
<status status="FAIL" starttime="20190713 23:11:04.357" endtime="20190713 23:11:04.357" critical="yes">No keyword with name 'Open Browser' found.</status>
</test>
<status status="FAIL" starttime="20190713 23:11:04.341" endtime="20190713 23:11:04.357"></status>
</suite>
<kw name="After each Test Suite" type="teardown">
<kw name="Log" library="BuiltIn">
<doc>Logs the given message with the given level.</doc>
<arguments>
<arg>Test Suite Ended</arg>
</arguments>
<msg timestamp="20190713 23:11:04.372" level="INFO">Test Suite Ended</msg>
<status status="PASS" starttime="20190713 23:11:04.372" endtime="20190713 23:11:04.372"></status>
</kw>
<status status="PASS" starttime="20190713 23:11:04.372" endtime="20190713 23:11:04.372"></status>
</kw>
<status status="FAIL" starttime="20190713 23:11:04.263" endtime="20190713 23:11:04.372"></status>
</suite>
<statistics>
<total>
<stat pass="0" fail="1">Critical Tests</stat>
<stat pass="0" fail="1">All Tests</stat>
</total>
<tag>
</tag>
<suite>
<stat pass="0" fail="1" id="s1" name="TestCases">TestCases</stat>
<stat pass="0" fail="1" id="s1-s1" name="TC 006 FetchData">TestCases.TC 006 FetchData</stat>
</suite>
</statistics>
<errors>
</errors>
</robot>
