<?xml version="1.0" encoding="UTF-8"?>
<robot generator="Robot 3.1.2 (Python 3.7.3 on win32)" generated="20190714 03:48:58.670" rpa="false">
<suite id="s1" name="TC 009 BDD" source="C:\Users\chirag\PycharmProjects\RobotFramework\TestCases\TC_009_BDD.robot">
<kw name="Before each Test Suite" type="setup">
<msg timestamp="20190714 03:49:00.061" level="FAIL">No keyword with name 'Before each Test Suite' found.</msg>
<status status="FAIL" starttime="20190714 03:49:00.061" endtime="20190714 03:49:00.061"></status>
</kw>
<test id="s1-t1" name="Test Case in BDD Format">
<status status="FAIL" starttime="20190714 03:49:00.061" endtime="20190714 03:49:00.061" critical="yes">Parent suite setup failed:
No keyword with name 'Before each Test Suite' found.</status>
</test>
<kw name="After each Test Suite" type="teardown">
<msg timestamp="20190714 03:49:00.077" level="FAIL">No keyword with name 'After each Test Suite' found.</msg>
<status status="FAIL" starttime="20190714 03:49:00.077" endtime="20190714 03:49:00.077">No keyword with name 'After each Test Suite' found.</status>
</kw>
<status status="FAIL" starttime="20190714 03:48:58.670" endtime="20190714 03:49:00.077">Suite setup failed:
No keyword with name 'Before each Test Suite' found.

Also suite teardown failed:
No keyword with name 'After each Test Suite' found.</status>
</suite>
<statistics>
<total>
<stat pass="0" fail="1">Critical Tests</stat>
<stat pass="0" fail="1">All Tests</stat>
</total>
<tag>
</tag>
<suite>
<stat pass="0" fail="1" id="s1" name="TC 009 BDD">TC 009 BDD</stat>
</suite>
</statistics>
<errors>
<msg timestamp="20190714 03:49:00.014" level="ERROR">Error in file 'C:\Users\chirag\PycharmProjects\RobotFramework\TestCases\TC_009_BDD.robot': Resource file '..\Resources_Keywords\thenpath' does not exist.</msg>
</errors>
</robot>
